TN:
SF:src\modules\generalEntries\services\CreateGeneralEntryService.ts
FN:20,(anonymous_17)
FN:21,CreateGeneralEntryService
FN:26,(anonymous_19)
FNF:3
FNH:3
FNDA:2,(anonymous_17)
FNDA:2,CreateGeneralEntryService
FNDA:3,(anonymous_19)
DA:3,2
DA:20,2
DA:23,2
DA:26,2
DA:27,3
DA:28,3
DA:29,3
DA:30,3
DA:31,3
DA:32,3
DA:33,3
DA:34,3
DA:35,3
DA:36,3
DA:37,3
DA:39,3
DA:53,3
DA:55,2
DA:57,2
LF:19
LH:19
BRDA:39,0,0,3
BRF:1
BRH:1
end_of_record
TN:
SF:src\modules\generalEntries\services\DeleteGeneralEntryService.ts
FN:5,(anonymous_17)
FN:6,DeleteGeneralEntryService
FN:11,(anonymous_19)
FNF:3
FNH:3
FNDA:1,(anonymous_17)
FNDA:1,DeleteGeneralEntryService
FNDA:1,(anonymous_19)
DA:2,1
DA:5,1
DA:8,1
DA:11,1
DA:12,1
DA:14,2
DA:15,0
DA:17,2
DA:20,1
DA:22,1
LF:10
LH:9
BRDA:12,0,0,1
BRDA:12,0,1,1
BRDA:14,1,0,1
BRDA:14,1,1,0
BRF:4
BRH:3
end_of_record
TN:
SF:src\modules\generalEntries\services\LinkGeneralEntryToStatementService.ts
FN:15,(anonymous_18)
FN:16,LinkGeneralEntryToStatementService
FN:24,(anonymous_20)
FNF:3
FNH:0
FNDA:0,(anonymous_18)
FNDA:0,LinkGeneralEntryToStatementService
FNDA:0,(anonymous_20)
DA:2,0
DA:7,0
DA:15,0
DA:18,0
DA:21,0
DA:24,0
DA:25,0
DA:27,0
DA:28,0
DA:31,0
DA:33,0
DA:34,0
DA:37,0
DA:38,0
DA:40,0
DA:41,0
DA:43,0
DA:45,0
DA:47,0
LF:19
LH:0
BRDA:25,0,0,0
BRDA:27,1,0,0
BRDA:27,1,1,0
BRDA:33,2,0,0
BRDA:33,2,1,0
BRF:5
BRH:0
end_of_record
TN:
SF:src\modules\generalEntries\services\ListAllGeneralEntriesService.ts
FN:6,(anonymous_17)
FN:7,ListAllGeneralEntriesService
FN:12,(anonymous_19)
FNF:3
FNH:3
FNDA:1,(anonymous_17)
FNDA:1,ListAllGeneralEntriesService
FNDA:1,(anonymous_19)
DA:3,1
DA:6,1
DA:9,1
DA:12,1
DA:13,1
DA:15,1
DA:16,0
DA:19,1
DA:21,1
DA:23,1
LF:10
LH:9
BRDA:13,0,0,1
BRDA:15,1,0,0
BRDA:15,1,1,1
BRF:3
BRH:2
end_of_record
TN:
SF:src\modules\statements\services\CreateStatementService.ts
FN:17,(anonymous_17)
FN:18,CreateStatementService
FN:23,(anonymous_19)
FNF:3
FNH:0
FNDA:0,(anonymous_17)
FNDA:0,CreateStatementService
FNDA:0,(anonymous_19)
DA:3,0
DA:17,0
DA:20,0
DA:23,0
DA:24,0
DA:25,0
DA:26,0
DA:27,0
DA:28,0
DA:29,0
DA:30,0
DA:31,0
DA:33,0
DA:44,0
DA:46,0
DA:48,0
LF:16
LH:0
BRDA:33,0,0,0
BRF:1
BRH:0
end_of_record
TN:
SF:src\modules\users\services\AuthenticateUserService.ts
FN:23,(anonymous_18)
FN:24,AuthenticateUserService
FN:29,(anonymous_20)
FNF:3
FNH:0
FNDA:0,(anonymous_18)
FNDA:0,AuthenticateUserService
FNDA:0,(anonymous_20)
DA:1,0
DA:2,0
DA:3,0
DA:4,0
DA:8,0
DA:23,0
DA:26,0
DA:29,0
DA:30,0
DA:32,0
DA:33,0
DA:36,0
DA:38,0
DA:39,0
DA:42,0
DA:47,0
DA:52,0
DA:54,0
LF:18
LH:0
BRDA:30,0,0,0
BRDA:32,1,0,0
BRDA:32,1,1,0
BRDA:38,2,0,0
BRDA:38,2,1,0
BRF:5
BRH:0
end_of_record
TN:
SF:src\modules\users\services\CreateUserService.ts
FN:17,(anonymous_18)
FN:18,CreateUserService
FN:23,(anonymous_20)
FNF:3
FNH:0
FNDA:0,(anonymous_18)
FNDA:0,CreateUserService
FNDA:0,(anonymous_20)
DA:2,0
DA:3,0
DA:7,0
DA:17,0
DA:20,0
DA:23,0
DA:24,0
DA:25,0
DA:26,0
DA:27,0
DA:29,0
DA:31,0
DA:32,0
DA:35,0
DA:37,0
DA:44,0
DA:46,0
DA:48,0
LF:18
LH:0
BRDA:29,0,0,0
BRDA:31,1,0,0
BRDA:31,1,1,0
BRF:3
BRH:0
end_of_record
