TN:
SF:src\modules\generalEntries\services\CreateGeneralEntryService.ts
FN:20,(anonymous_17)
FN:21,CreateGeneralEntryService
FN:26,(anonymous_19)
FNF:3
FNH:3
FNDA:3,(anonymous_17)
FNDA:4,CreateGeneralEntryService
FNDA:5,(anonymous_19)
DA:3,3
DA:20,3
DA:23,4
DA:26,3
DA:27,5
DA:28,5
DA:29,5
DA:30,5
DA:31,5
DA:32,5
DA:33,5
DA:34,5
DA:35,5
DA:36,5
DA:37,5
DA:39,5
DA:53,5
DA:55,3
DA:57,3
LF:19
LH:19
BRDA:39,0,0,5
BRF:1
BRH:1
end_of_record
TN:
SF:src\modules\generalEntries\services\DeleteGeneralEntryService.ts
FN:5,(anonymous_17)
FN:6,DeleteGeneralEntryService
FN:11,(anonymous_19)
FNF:3
FNH:3
FNDA:1,(anonymous_17)
FNDA:1,DeleteGeneralEntryService
FNDA:1,(anonymous_19)
DA:2,1
DA:5,1
DA:8,1
DA:11,1
DA:12,1
DA:14,2
DA:15,0
DA:17,2
DA:20,1
DA:22,1
LF:10
LH:9
BRDA:12,0,0,1
BRDA:12,0,1,1
BRDA:14,1,0,1
BRDA:14,1,1,0
BRF:4
BRH:3
end_of_record
TN:
SF:src\modules\generalEntries\services\LinkGeneralEntryToStatementService.ts
FN:16,(anonymous_18)
FN:17,LinkGeneralEntryToStatementService
FN:25,(anonymous_20)
FNF:3
FNH:3
FNDA:1,(anonymous_18)
FNDA:2,LinkGeneralEntryToStatementService
FNDA:2,(anonymous_20)
DA:2,1
DA:3,1
DA:8,1
DA:16,1
DA:19,2
DA:22,2
DA:25,2
DA:26,2
DA:28,2
DA:29,0
DA:32,2
DA:34,2
DA:35,0
DA:38,2
DA:39,0
DA:42,2
DA:43,1
DA:46,1
DA:47,0
DA:50,1
DA:51,0
DA:54,1
DA:55,1
DA:57,2
DA:58,2
DA:60,1
DA:62,1
DA:64,1
LF:28
LH:23
BRDA:26,0,0,2
BRDA:28,1,0,0
BRDA:28,1,1,2
BRDA:34,2,0,0
BRDA:34,2,1,2
BRDA:38,3,0,0
BRDA:38,3,1,2
BRDA:38,4,0,2
BRDA:38,4,1,2
BRDA:42,5,0,1
BRDA:42,5,1,1
BRDA:46,6,0,0
BRDA:46,6,1,1
BRDA:50,7,0,0
BRDA:50,7,1,1
BRF:15
BRH:10
end_of_record
TN:
SF:src\modules\generalEntries\services\ListAllGeneralEntriesService.ts
FN:7,(anonymous_17)
FN:8,ListAllGeneralEntriesService
FN:13,(anonymous_19)
FNF:3
FNH:3
FNDA:1,(anonymous_17)
FNDA:1,ListAllGeneralEntriesService
FNDA:1,(anonymous_19)
DA:3,1
DA:7,1
DA:10,1
DA:13,1
DA:15,2
DA:16,0
DA:18,1
DA:21,1
DA:22,0
DA:25,1
DA:27,1
DA:29,1
LF:12
LH:10
BRDA:18,0,0,1
BRDA:15,1,0,1
BRDA:15,1,1,0
BRDA:21,2,0,0
BRDA:21,2,1,1
BRF:5
BRH:3
end_of_record
TN:
SF:src\modules\generalEntries\services\UnlinkGeneralEntryToStatementService.ts
FN:15,(anonymous_18)
FN:16,UnlinkGeneralEntryToStatementService
FN:24,(anonymous_20)
FNF:3
FNH:0
FNDA:0,(anonymous_18)
FNDA:0,UnlinkGeneralEntryToStatementService
FNDA:0,(anonymous_20)
DA:2,0
DA:7,0
DA:15,0
DA:18,0
DA:21,0
DA:24,0
DA:25,0
DA:27,0
DA:28,0
DA:31,0
DA:33,0
DA:34,0
DA:37,0
DA:41,0
DA:44,0
DA:45,0
DA:47,0
DA:48,0
DA:50,0
DA:52,0
DA:54,0
LF:21
LH:0
BRDA:25,0,0,0
BRDA:27,1,0,0
BRDA:27,1,1,0
BRDA:33,2,0,0
BRDA:33,2,1,0
BRDA:37,3,0,0
BRDA:37,3,1,0
BRDA:38,4,0,0
BRDA:38,4,1,0
BRF:9
BRH:0
end_of_record
TN:
SF:src\modules\statements\services\CreateStatementService.ts
FN:18,(anonymous_17)
FN:19,CreateStatementService
FN:24,(anonymous_19)
FNF:3
FNH:3
FNDA:1,(anonymous_17)
FNDA:2,CreateStatementService
FNDA:2,(anonymous_19)
DA:3,1
DA:18,1
DA:21,2
DA:24,1
DA:25,2
DA:26,2
DA:27,2
DA:28,2
DA:29,2
DA:30,2
DA:31,2
DA:32,2
DA:34,2
DA:45,2
DA:47,1
DA:49,1
LF:16
LH:16
BRDA:34,0,0,2
BRF:1
BRH:1
end_of_record
TN:
SF:src\modules\statements\services\ListStatementsService.ts
FN:8,(anonymous_18)
FN:9,ListStatementsService
FN:14,(anonymous_20)
FNF:3
FNH:0
FNDA:0,(anonymous_18)
FNDA:0,ListStatementsService
FNDA:0,(anonymous_20)
DA:3,0
DA:4,0
DA:8,0
DA:11,0
DA:14,0
DA:17,0
DA:19,0
DA:20,0
DA:23,0
DA:25,0
DA:27,0
LF:11
LH:0
BRDA:17,0,0,0
BRDA:19,1,0,0
BRDA:19,1,1,0
BRF:3
BRH:0
end_of_record
TN:
SF:src\modules\users\services\AuthenticateUserService.ts
FN:23,(anonymous_18)
FN:24,AuthenticateUserService
FN:29,(anonymous_20)
FNF:3
FNH:0
FNDA:0,(anonymous_18)
FNDA:0,AuthenticateUserService
FNDA:0,(anonymous_20)
DA:1,0
DA:2,0
DA:3,0
DA:4,0
DA:8,0
DA:23,0
DA:26,0
DA:29,0
DA:30,0
DA:32,0
DA:33,0
DA:36,0
DA:38,0
DA:39,0
DA:42,0
DA:47,0
DA:52,0
DA:54,0
LF:18
LH:0
BRDA:30,0,0,0
BRDA:32,1,0,0
BRDA:32,1,1,0
BRDA:38,2,0,0
BRDA:38,2,1,0
BRF:5
BRH:0
end_of_record
TN:
SF:src\modules\users\services\CreateUserService.ts
FN:17,(anonymous_18)
FN:18,CreateUserService
FN:23,(anonymous_20)
FNF:3
FNH:0
FNDA:0,(anonymous_18)
FNDA:0,CreateUserService
FNDA:0,(anonymous_20)
DA:2,0
DA:3,0
DA:7,0
DA:17,0
DA:20,0
DA:23,0
DA:24,0
DA:25,0
DA:26,0
DA:27,0
DA:29,0
DA:31,0
DA:32,0
DA:35,0
DA:37,0
DA:44,0
DA:46,0
DA:48,0
LF:18
LH:0
BRDA:29,0,0,0
BRDA:31,1,0,0
BRDA:31,1,1,0
BRF:3
BRH:0
end_of_record
